2018-02-05 11:43:41.371  INFO 19828 --- [main] com.siteview.springboot.Applciation      : Starting Applciation on Sherry-PC with PID 19828 (E:\eclipse_forum\springboot\target\classes started by Administrator in E:\eclipse_forum\springboot)
2018-02-05 11:43:41.373  INFO 19828 --- [main] com.siteview.springboot.Applciation      : No active profile set, falling back to default profiles: default
2018-02-05 11:43:42.955  INFO 19828 --- [main] o.apache.catalina.core.StandardService   : Starting service [Tomcat]
2018-02-05 11:43:42.957  INFO 19828 --- [main] org.apache.catalina.core.StandardEngine  : Starting Servlet Engine: Apache Tomcat/8.5.27
2018-02-05 11:43:43.048  INFO 19828 --- [localhost-startStop-1] o.a.c.c.C.[Tomcat].[localhost].[/]       : Initializing Spring embedded WebApplicationContext
2018-02-05 11:43:43.828  INFO 19828 --- [main] com.siteview.springboot.Applciation      : Started Applciation in 2.689 seconds (JVM running for 2.996)
2018-02-05 11:43:58.577  INFO 19828 --- [http-nio-8080-exec-1] o.a.c.c.C.[Tomcat].[localhost].[/]       : Initializing Spring FrameworkServlet 'dispatcherServlet'
2018-02-05 11:43:59.154 ERROR 19828 --- [http-nio-8080-exec-1] o.a.c.c.C.[.[.[/].[dispatcherServlet]    : Servlet.service() for servlet [dispatcherServlet] in context with path [] threw exception [Request processing failed; nested exception is org.springframework.jdbc.BadSqlGrammarException: 
### Error updating database.  Cause: com.mysql.jdbc.exceptions.jdbc4.MySQLSyntaxErrorException: You have an error in your SQL syntax; check the manual that corresponds to your MySQL server version for the right syntax to use near ''8888'
		)' at line 11
### The error may involve com.siteview.springboot.mapper.UserMapper.insert-Inline
### The error occurred while setting parameters
### SQL: insert into user   (       id, name, sex , age , phone      )   values (?,   ?,   ?,   ?   ?   )
### Cause: com.mysql.jdbc.exceptions.jdbc4.MySQLSyntaxErrorException: You have an error in your SQL syntax; check the manual that corresponds to your MySQL server version for the right syntax to use near ''8888'
		)' at line 11
; bad SQL grammar []; nested exception is com.mysql.jdbc.exceptions.jdbc4.MySQLSyntaxErrorException: You have an error in your SQL syntax; check the manual that corresponds to your MySQL server version for the right syntax to use near ''8888'
		)' at line 11] with root cause

com.mysql.jdbc.exceptions.jdbc4.MySQLSyntaxErrorException: You have an error in your SQL syntax; check the manual that corresponds to your MySQL server version for the right syntax to use near ''8888'
		)' at line 11
	at sun.reflect.NativeConstructorAccessorImpl.newInstance0(Native Method) ~[na:1.8.0_92]
	at sun.reflect.NativeConstructorAccessorImpl.newInstance(Unknown Source) ~[na:1.8.0_92]
	at sun.reflect.DelegatingConstructorAccessorImpl.newInstance(Unknown Source) ~[na:1.8.0_92]
	at java.lang.reflect.Constructor.newInstance(Unknown Source) ~[na:1.8.0_92]
	at com.mysql.jdbc.Util.handleNewInstance(Util.java:425) ~[mysql-connector-java-5.1.45.jar:5.1.45]
	at com.mysql.jdbc.Util.getInstance(Util.java:408) ~[mysql-connector-java-5.1.45.jar:5.1.45]
	at com.mysql.jdbc.SQLError.createSQLException(SQLError.java:944) ~[mysql-connector-java-5.1.45.jar:5.1.45]
	at com.mysql.jdbc.MysqlIO.checkErrorPacket(MysqlIO.java:3973) ~[mysql-connector-java-5.1.45.jar:5.1.45]
	at com.mysql.jdbc.MysqlIO.checkErrorPacket(MysqlIO.java:3909) ~[mysql-connector-java-5.1.45.jar:5.1.45]
	at com.mysql.jdbc.MysqlIO.sendCommand(MysqlIO.java:2527) ~[mysql-connector-java-5.1.45.jar:5.1.45]
	at com.mysql.jdbc.MysqlIO.sqlQueryDirect(MysqlIO.java:2680) ~[mysql-connector-java-5.1.45.jar:5.1.45]
	at com.mysql.jdbc.ConnectionImpl.execSQL(ConnectionImpl.java:2484) ~[mysql-connector-java-5.1.45.jar:5.1.45]
	at com.mysql.jdbc.PreparedStatement.executeInternal(PreparedStatement.java:1858) ~[mysql-connector-java-5.1.45.jar:5.1.45]
	at com.mysql.jdbc.PreparedStatement.execute(PreparedStatement.java:1197) ~[mysql-connector-java-5.1.45.jar:5.1.45]
	at sun.reflect.NativeMethodAccessorImpl.invoke0(Native Method) ~[na:1.8.0_92]
	at sun.reflect.NativeMethodAccessorImpl.invoke(Unknown Source) ~[na:1.8.0_92]
	at sun.reflect.DelegatingMethodAccessorImpl.invoke(Unknown Source) ~[na:1.8.0_92]
	at java.lang.reflect.Method.invoke(Unknown Source) ~[na:1.8.0_92]
	at org.apache.tomcat.jdbc.pool.StatementFacade$StatementProxy.invoke(StatementFacade.java:114) ~[tomcat-jdbc-8.5.27.jar:na]
	at com.sun.proxy.$Proxy67.execute(Unknown Source) ~[na:na]
	at org.apache.ibatis.executor.statement.PreparedStatementHandler.update(PreparedStatementHandler.java:45) ~[mybatis-3.3.0.jar:3.3.0]
	at org.apache.ibatis.executor.statement.RoutingStatementHandler.update(RoutingStatementHandler.java:73) ~[mybatis-3.3.0.jar:3.3.0]
	at org.apache.ibatis.executor.SimpleExecutor.doUpdate(SimpleExecutor.java:49) ~[mybatis-3.3.0.jar:3.3.0]
	at org.apache.ibatis.executor.BaseExecutor.update(BaseExecutor.java:115) ~[mybatis-3.3.0.jar:3.3.0]
	at org.apache.ibatis.executor.CachingExecutor.update(CachingExecutor.java:75) ~[mybatis-3.3.0.jar:3.3.0]
	at org.apache.ibatis.session.defaults.DefaultSqlSession.update(DefaultSqlSession.java:170) ~[mybatis-3.3.0.jar:3.3.0]
	at org.apache.ibatis.session.defaults.DefaultSqlSession.insert(DefaultSqlSession.java:157) ~[mybatis-3.3.0.jar:3.3.0]
	at sun.reflect.NativeMethodAccessorImpl.invoke0(Native Method) ~[na:1.8.0_92]
	at sun.reflect.NativeMethodAccessorImpl.invoke(Unknown Source) ~[na:1.8.0_92]
	at sun.reflect.DelegatingMethodAccessorImpl.invoke(Unknown Source) ~[na:1.8.0_92]
	at java.lang.reflect.Method.invoke(Unknown Source) ~[na:1.8.0_92]
	at org.mybatis.spring.SqlSessionTemplate$SqlSessionInterceptor.invoke(SqlSessionTemplate.java:386) ~[mybatis-spring-1.2.3.jar:1.2.3]
	at com.sun.proxy.$Proxy47.insert(Unknown Source) ~[na:na]
	at org.mybatis.spring.SqlSessionTemplate.insert(SqlSessionTemplate.java:253) ~[mybatis-spring-1.2.3.jar:1.2.3]
	at org.apache.ibatis.binding.MapperMethod.execute(MapperMethod.java:52) ~[mybatis-3.3.0.jar:3.3.0]
	at org.apache.ibatis.binding.MapperProxy.invoke(MapperProxy.java:53) ~[mybatis-3.3.0.jar:3.3.0]
	at com.sun.proxy.$Proxy57.insert(Unknown Source) ~[na:na]
	at com.siteview.springboot.service.UserService.insert(UserService.java:32) ~[classes/:na]
	at com.siteview.springboot.controller.UserController.insert(UserController.java:86) ~[classes/:na]
	at sun.reflect.NativeMethodAccessorImpl.invoke0(Native Method) ~[na:1.8.0_92]
	at sun.reflect.NativeMethodAccessorImpl.invoke(Unknown Source) ~[na:1.8.0_92]
	at sun.reflect.DelegatingMethodAccessorImpl.invoke(Unknown Source) ~[na:1.8.0_92]
	at java.lang.reflect.Method.invoke(Unknown Source) ~[na:1.8.0_92]
	at org.springframework.web.method.support.InvocableHandlerMethod.doInvoke(InvocableHandlerMethod.java:205) ~[spring-web-4.3.14.RELEASE.jar:4.3.14.RELEASE]
	at org.springframework.web.method.support.InvocableHandlerMethod.invokeForRequest(InvocableHandlerMethod.java:133) ~[spring-web-4.3.14.RELEASE.jar:4.3.14.RELEASE]
	at org.springframework.web.servlet.mvc.method.annotation.ServletInvocableHandlerMethod.invokeAndHandle(ServletInvocableHandlerMethod.java:97) ~[spring-webmvc-4.3.14.RELEASE.jar:4.3.14.RELEASE]
	at org.springframework.web.servlet.mvc.method.annotation.RequestMappingHandlerAdapter.invokeHandlerMethod(RequestMappingHandlerAdapter.java:827) ~[spring-webmvc-4.3.14.RELEASE.jar:4.3.14.RELEASE]
	at org.springframework.web.servlet.mvc.method.annotation.RequestMappingHandlerAdapter.handleInternal(RequestMappingHandlerAdapter.java:738) ~[spring-webmvc-4.3.14.RELEASE.jar:4.3.14.RELEASE]
	at org.springframework.web.servlet.mvc.method.AbstractHandlerMethodAdapter.handle(AbstractHandlerMethodAdapter.java:85) ~[spring-webmvc-4.3.14.RELEASE.jar:4.3.14.RELEASE]
	at org.springframework.web.servlet.DispatcherServlet.doDispatch(DispatcherServlet.java:967) ~[spring-webmvc-4.3.14.RELEASE.jar:4.3.14.RELEASE]
	at org.springframework.web.servlet.DispatcherServlet.doService(DispatcherServlet.java:901) ~[spring-webmvc-4.3.14.RELEASE.jar:4.3.14.RELEASE]
	at org.springframework.web.servlet.FrameworkServlet.processRequest(FrameworkServlet.java:970) ~[spring-webmvc-4.3.14.RELEASE.jar:4.3.14.RELEASE]
	at org.springframework.web.servlet.FrameworkServlet.doPost(FrameworkServlet.java:872) ~[spring-webmvc-4.3.14.RELEASE.jar:4.3.14.RELEASE]
	at javax.servlet.http.HttpServlet.service(HttpServlet.java:661) ~[tomcat-embed-core-8.5.27.jar:8.5.27]
	at org.springframework.web.servlet.FrameworkServlet.service(FrameworkServlet.java:846) ~[spring-webmvc-4.3.14.RELEASE.jar:4.3.14.RELEASE]
	at javax.servlet.http.HttpServlet.service(HttpServlet.java:742) ~[tomcat-embed-core-8.5.27.jar:8.5.27]
	at org.apache.catalina.core.ApplicationFilterChain.internalDoFilter(ApplicationFilterChain.java:231) ~[tomcat-embed-core-8.5.27.jar:8.5.27]
	at org.apache.catalina.core.ApplicationFilterChain.doFilter(ApplicationFilterChain.java:166) ~[tomcat-embed-core-8.5.27.jar:8.5.27]
	at org.apache.tomcat.websocket.server.WsFilter.doFilter(WsFilter.java:52) ~[tomcat-embed-websocket-8.5.27.jar:8.5.27]
	at org.apache.catalina.core.ApplicationFilterChain.internalDoFilter(ApplicationFilterChain.java:193) ~[tomcat-embed-core-8.5.27.jar:8.5.27]
	at org.apache.catalina.core.ApplicationFilterChain.doFilter(ApplicationFilterChain.java:166) ~[tomcat-embed-core-8.5.27.jar:8.5.27]
	at org.springframework.web.filter.RequestContextFilter.doFilterInternal(RequestContextFilter.java:99) ~[spring-web-4.3.14.RELEASE.jar:4.3.14.RELEASE]
	at org.springframework.web.filter.OncePerRequestFilter.doFilter(OncePerRequestFilter.java:107) ~[spring-web-4.3.14.RELEASE.jar:4.3.14.RELEASE]
	at org.apache.catalina.core.ApplicationFilterChain.internalDoFilter(ApplicationFilterChain.java:193) ~[tomcat-embed-core-8.5.27.jar:8.5.27]
	at org.apache.catalina.core.ApplicationFilterChain.doFilter(ApplicationFilterChain.java:166) ~[tomcat-embed-core-8.5.27.jar:8.5.27]
	at org.springframework.web.filter.HttpPutFormContentFilter.doFilterInternal(HttpPutFormContentFilter.java:108) ~[spring-web-4.3.14.RELEASE.jar:4.3.14.RELEASE]
	at org.springframework.web.filter.OncePerRequestFilter.doFilter(OncePerRequestFilter.java:107) ~[spring-web-4.3.14.RELEASE.jar:4.3.14.RELEASE]
	at org.apache.catalina.core.ApplicationFilterChain.internalDoFilter(ApplicationFilterChain.java:193) ~[tomcat-embed-core-8.5.27.jar:8.5.27]
	at org.apache.catalina.core.ApplicationFilterChain.doFilter(ApplicationFilterChain.java:166) ~[tomcat-embed-core-8.5.27.jar:8.5.27]
	at org.springframework.web.filter.HiddenHttpMethodFilter.doFilterInternal(HiddenHttpMethodFilter.java:81) ~[spring-web-4.3.14.RELEASE.jar:4.3.14.RELEASE]
	at org.springframework.web.filter.OncePerRequestFilter.doFilter(OncePerRequestFilter.java:107) ~[spring-web-4.3.14.RELEASE.jar:4.3.14.RELEASE]
	at org.apache.catalina.core.ApplicationFilterChain.internalDoFilter(ApplicationFilterChain.java:193) ~[tomcat-embed-core-8.5.27.jar:8.5.27]
	at org.apache.catalina.core.ApplicationFilterChain.doFilter(ApplicationFilterChain.java:166) ~[tomcat-embed-core-8.5.27.jar:8.5.27]
	at org.springframework.web.filter.CharacterEncodingFilter.doFilterInternal(CharacterEncodingFilter.java:197) ~[spring-web-4.3.14.RELEASE.jar:4.3.14.RELEASE]
	at org.springframework.web.filter.OncePerRequestFilter.doFilter(OncePerRequestFilter.java:107) ~[spring-web-4.3.14.RELEASE.jar:4.3.14.RELEASE]
	at org.apache.catalina.core.ApplicationFilterChain.internalDoFilter(ApplicationFilterChain.java:193) ~[tomcat-embed-core-8.5.27.jar:8.5.27]
	at org.apache.catalina.core.ApplicationFilterChain.doFilter(ApplicationFilterChain.java:166) ~[tomcat-embed-core-8.5.27.jar:8.5.27]
	at org.apache.catalina.core.StandardWrapperValve.invoke(StandardWrapperValve.java:199) ~[tomcat-embed-core-8.5.27.jar:8.5.27]
	at org.apache.catalina.core.StandardContextValve.invoke(StandardContextValve.java:96) [tomcat-embed-core-8.5.27.jar:8.5.27]
	at org.apache.catalina.authenticator.AuthenticatorBase.invoke(AuthenticatorBase.java:504) [tomcat-embed-core-8.5.27.jar:8.5.27]
	at org.apache.catalina.core.StandardHostValve.invoke(StandardHostValve.java:140) [tomcat-embed-core-8.5.27.jar:8.5.27]
	at org.apache.catalina.valves.ErrorReportValve.invoke(ErrorReportValve.java:81) [tomcat-embed-core-8.5.27.jar:8.5.27]
	at org.apache.catalina.core.StandardEngineValve.invoke(StandardEngineValve.java:87) [tomcat-embed-core-8.5.27.jar:8.5.27]
	at org.apache.catalina.connector.CoyoteAdapter.service(CoyoteAdapter.java:342) [tomcat-embed-core-8.5.27.jar:8.5.27]
	at org.apache.coyote.http11.Http11Processor.service(Http11Processor.java:803) [tomcat-embed-core-8.5.27.jar:8.5.27]
	at org.apache.coyote.AbstractProcessorLight.process(AbstractProcessorLight.java:66) [tomcat-embed-core-8.5.27.jar:8.5.27]
	at org.apache.coyote.AbstractProtocol$ConnectionHandler.process(AbstractProtocol.java:790) [tomcat-embed-core-8.5.27.jar:8.5.27]
	at org.apache.tomcat.util.net.NioEndpoint$SocketProcessor.doRun(NioEndpoint.java:1459) [tomcat-embed-core-8.5.27.jar:8.5.27]
	at org.apache.tomcat.util.net.SocketProcessorBase.run(SocketProcessorBase.java:49) [tomcat-embed-core-8.5.27.jar:8.5.27]
	at java.util.concurrent.ThreadPoolExecutor.runWorker(Unknown Source) [na:1.8.0_92]
	at java.util.concurrent.ThreadPoolExecutor$Worker.run(Unknown Source) [na:1.8.0_92]
	at org.apache.tomcat.util.threads.TaskThread$WrappingRunnable.run(TaskThread.java:61) [tomcat-embed-core-8.5.27.jar:8.5.27]
	at java.lang.Thread.run(Unknown Source) [na:1.8.0_92]

2018-02-05 11:45:17.508  INFO 15404 --- [main] com.siteview.springboot.Applciation      : Starting Applciation on Sherry-PC with PID 15404 (E:\eclipse_forum\springboot\target\classes started by Administrator in E:\eclipse_forum\springboot)
2018-02-05 11:45:17.510  INFO 15404 --- [main] com.siteview.springboot.Applciation      : No active profile set, falling back to default profiles: default
2018-02-05 11:45:18.974  INFO 15404 --- [main] o.apache.catalina.core.StandardService   : Starting service [Tomcat]
2018-02-05 11:45:18.975  INFO 15404 --- [main] org.apache.catalina.core.StandardEngine  : Starting Servlet Engine: Apache Tomcat/8.5.27
2018-02-05 11:45:19.051  INFO 15404 --- [localhost-startStop-1] o.a.c.c.C.[Tomcat].[localhost].[/]       : Initializing Spring embedded WebApplicationContext
2018-02-05 11:45:19.798  INFO 15404 --- [main] com.siteview.springboot.Applciation      : Started Applciation in 2.519 seconds (JVM running for 2.774)
2018-02-05 11:45:32.760  INFO 15404 --- [http-nio-8080-exec-1] o.a.c.c.C.[Tomcat].[localhost].[/]       : Initializing Spring FrameworkServlet 'dispatcherServlet'
2018-02-05 11:47:19.010  INFO 4276 --- [main] com.siteview.springboot.Applciation      : Starting Applciation on Sherry-PC with PID 4276 (E:\eclipse_forum\springboot\target\classes started by Administrator in E:\eclipse_forum\springboot)
2018-02-05 11:47:19.012  INFO 4276 --- [main] com.siteview.springboot.Applciation      : No active profile set, falling back to default profiles: default
2018-02-05 11:47:19.048  INFO 4276 --- [main] ationConfigEmbeddedWebApplicationContext : Refreshing org.springframework.boot.context.embedded.AnnotationConfigEmbeddedWebApplicationContext@6a79c292: startup date [Mon Feb 05 11:47:19 CST 2018]; root of context hierarchy
2018-02-05 11:47:19.841  INFO 4276 --- [main] trationDelegate$BeanPostProcessorChecker : Bean 'mybatis-org.mybatis.spring.boot.autoconfigure.MybatisProperties' of type [org.mybatis.spring.boot.autoconfigure.MybatisProperties] is not eligible for getting processed by all BeanPostProcessors (for example: not eligible for auto-proxying)
2018-02-05 11:47:19.844  INFO 4276 --- [main] trationDelegate$BeanPostProcessorChecker : Bean 'org.mybatis.spring.boot.autoconfigure.MybatisAutoConfiguration' of type [org.mybatis.spring.boot.autoconfigure.MybatisAutoConfiguration$$EnhancerBySpringCGLIB$$889489c9] is not eligible for getting processed by all BeanPostProcessors (for example: not eligible for auto-proxying)
2018-02-05 11:47:19.847  INFO 4276 --- [main] trationDelegate$BeanPostProcessorChecker : Bean 'org.springframework.boot.autoconfigure.jdbc.DataSourceConfiguration$Tomcat' of type [org.springframework.boot.autoconfigure.jdbc.DataSourceConfiguration$Tomcat] is not eligible for getting processed by all BeanPostProcessors (for example: not eligible for auto-proxying)
2018-02-05 11:47:19.866  INFO 4276 --- [main] trationDelegate$BeanPostProcessorChecker : Bean 'spring.datasource-org.springframework.boot.autoconfigure.jdbc.DataSourceProperties' of type [org.springframework.boot.autoconfigure.jdbc.DataSourceProperties] is not eligible for getting processed by all BeanPostProcessors (for example: not eligible for auto-proxying)
2018-02-05 11:47:19.960  INFO 4276 --- [main] trationDelegate$BeanPostProcessorChecker : Bean 'dataSource' of type [org.apache.tomcat.jdbc.pool.DataSource] is not eligible for getting processed by all BeanPostProcessors (for example: not eligible for auto-proxying)
2018-02-05 11:47:20.165  INFO 4276 --- [main] trationDelegate$BeanPostProcessorChecker : Bean 'sqlSessionFactory' of type [org.apache.ibatis.session.defaults.DefaultSqlSessionFactory] is not eligible for getting processed by all BeanPostProcessors (for example: not eligible for auto-proxying)
2018-02-05 11:47:20.178  INFO 4276 --- [main] trationDelegate$BeanPostProcessorChecker : Bean 'sqlSessionTemplate' of type [org.mybatis.spring.SqlSessionTemplate] is not eligible for getting processed by all BeanPostProcessors (for example: not eligible for auto-proxying)
2018-02-05 11:47:20.179  INFO 4276 --- [main] trationDelegate$BeanPostProcessorChecker : Bean 'userMapper' of type [org.mybatis.spring.mapper.MapperFactoryBean] is not eligible for getting processed by all BeanPostProcessors (for example: not eligible for auto-proxying)
2018-02-05 11:47:20.646  INFO 4276 --- [main] s.b.c.e.t.TomcatEmbeddedServletContainer : Tomcat initialized with port(s): 8080 (http)
2018-02-05 11:47:20.657  INFO 4276 --- [main] o.apache.catalina.core.StandardService   : Starting service [Tomcat]
2018-02-05 11:47:20.659  INFO 4276 --- [main] org.apache.catalina.core.StandardEngine  : Starting Servlet Engine: Apache Tomcat/8.5.27
2018-02-05 11:47:20.742  INFO 4276 --- [localhost-startStop-1] o.a.c.c.C.[Tomcat].[localhost].[/]       : Initializing Spring embedded WebApplicationContext
2018-02-05 11:47:20.742  INFO 4276 --- [localhost-startStop-1] o.s.web.context.ContextLoader            : Root WebApplicationContext: initialization completed in 1697 ms
2018-02-05 11:47:20.865  INFO 4276 --- [localhost-startStop-1] o.s.b.w.servlet.ServletRegistrationBean  : Mapping servlet: 'dispatcherServlet' to [/]
2018-02-05 11:47:20.870  INFO 4276 --- [localhost-startStop-1] o.s.b.w.servlet.FilterRegistrationBean   : Mapping filter: 'characterEncodingFilter' to: [/*]
2018-02-05 11:47:20.871  INFO 4276 --- [localhost-startStop-1] o.s.b.w.servlet.FilterRegistrationBean   : Mapping filter: 'hiddenHttpMethodFilter' to: [/*]
2018-02-05 11:47:20.871  INFO 4276 --- [localhost-startStop-1] o.s.b.w.servlet.FilterRegistrationBean   : Mapping filter: 'httpPutFormContentFilter' to: [/*]
2018-02-05 11:47:20.871  INFO 4276 --- [localhost-startStop-1] o.s.b.w.servlet.FilterRegistrationBean   : Mapping filter: 'requestContextFilter' to: [/*]
2018-02-05 11:47:21.165  INFO 4276 --- [main] s.w.s.m.m.a.RequestMappingHandlerAdapter : Looking for @ControllerAdvice: org.springframework.boot.context.embedded.AnnotationConfigEmbeddedWebApplicationContext@6a79c292: startup date [Mon Feb 05 11:47:19 CST 2018]; root of context hierarchy
2018-02-05 11:47:21.239  INFO 4276 --- [main] s.w.s.m.m.a.RequestMappingHandlerMapping : Mapped "{[/]}" onto java.lang.String com.siteview.springboot.controller.SampleController.home()
2018-02-05 11:47:21.242  INFO 4276 --- [main] s.w.s.m.m.a.RequestMappingHandlerMapping : Mapped "{[/user/update],methods=[POST]}" onto public int com.siteview.springboot.controller.UserController.update(com.siteview.springboot.bean.UserMessage)
2018-02-05 11:47:21.243  INFO 4276 --- [main] s.w.s.m.m.a.RequestMappingHandlerMapping : Mapped "{[/user/delete/{id}]}" onto public int com.siteview.springboot.controller.UserController.delete(java.lang.String)
2018-02-05 11:47:21.243  INFO 4276 --- [main] s.w.s.m.m.a.RequestMappingHandlerMapping : Mapped "{[/user/insert],methods=[POST]}" onto public int com.siteview.springboot.controller.UserController.insert(com.siteview.springboot.bean.UserMessage)
2018-02-05 11:47:21.243  INFO 4276 --- [main] s.w.s.m.m.a.RequestMappingHandlerMapping : Mapped "{[/user/getUser/{id}]}" onto public java.util.Map<java.lang.String, java.lang.Object> com.siteview.springboot.controller.UserController.getUser(java.lang.String)
2018-02-05 11:47:21.243  INFO 4276 --- [main] s.w.s.m.m.a.RequestMappingHandlerMapping : Mapped "{[/user/getUsers]}" onto public java.util.List<java.util.Map<java.lang.String, java.lang.Object>> com.siteview.springboot.controller.UserController.getUsers()
2018-02-05 11:47:21.243  INFO 4276 --- [main] s.w.s.m.m.a.RequestMappingHandlerMapping : Mapped "{[/user/user/{id}]}" onto public com.siteview.springboot.bean.UserMessage com.siteview.springboot.controller.UserController.getUserById(java.lang.String)
2018-02-05 11:47:21.244  INFO 4276 --- [main] s.w.s.m.m.a.RequestMappingHandlerMapping : Mapped "{[/user/allUsers]}" onto public java.util.List<com.siteview.springboot.bean.UserMessage> com.siteview.springboot.controller.UserController.selectAll()
2018-02-05 11:47:21.246  INFO 4276 --- [main] s.w.s.m.m.a.RequestMappingHandlerMapping : Mapped "{[/error]}" onto public org.springframework.http.ResponseEntity<java.util.Map<java.lang.String, java.lang.Object>> org.springframework.boot.autoconfigure.web.BasicErrorController.error(javax.servlet.http.HttpServletRequest)
2018-02-05 11:47:21.246  INFO 4276 --- [main] s.w.s.m.m.a.RequestMappingHandlerMapping : Mapped "{[/error],produces=[text/html]}" onto public org.springframework.web.servlet.ModelAndView org.springframework.boot.autoconfigure.web.BasicErrorController.errorHtml(javax.servlet.http.HttpServletRequest,javax.servlet.http.HttpServletResponse)
2018-02-05 11:47:21.302  INFO 4276 --- [main] o.s.w.s.handler.SimpleUrlHandlerMapping  : Mapped URL path [/webjars/**] onto handler of type [class org.springframework.web.servlet.resource.ResourceHttpRequestHandler]
2018-02-05 11:47:21.303  INFO 4276 --- [main] o.s.w.s.handler.SimpleUrlHandlerMapping  : Mapped URL path [/**] onto handler of type [class org.springframework.web.servlet.resource.ResourceHttpRequestHandler]
2018-02-05 11:47:21.328  INFO 4276 --- [main] o.s.w.s.handler.SimpleUrlHandlerMapping  : Mapped URL path [/**/favicon.ico] onto handler of type [class org.springframework.web.servlet.resource.ResourceHttpRequestHandler]
2018-02-05 11:47:21.516  INFO 4276 --- [main] o.s.j.e.a.AnnotationMBeanExporter        : Registering beans for JMX exposure on startup
2018-02-05 11:47:21.568  INFO 4276 --- [main] s.b.c.e.t.TomcatEmbeddedServletContainer : Tomcat started on port(s): 8080 (http)
2018-02-05 11:47:21.571  INFO 4276 --- [main] com.siteview.springboot.Applciation      : Started Applciation in 2.772 seconds (JVM running for 3.032)
2018-02-05 11:56:22.350  INFO 22392 --- [main] com.siteview.springboot.Applciation      : Starting Applciation on Sherry-PC with PID 22392 (E:\eclipse_forum\springboot\target\classes started by Administrator in E:\eclipse_forum\springboot)
2018-02-05 11:56:22.352  INFO 22392 --- [main] com.siteview.springboot.Applciation      : No active profile set, falling back to default profiles: default
2018-02-05 11:56:22.387  INFO 22392 --- [main] ationConfigEmbeddedWebApplicationContext : Refreshing org.springframework.boot.context.embedded.AnnotationConfigEmbeddedWebApplicationContext@1445d7f: startup date [Mon Feb 05 11:56:22 CST 2018]; root of context hierarchy
2018-02-05 11:56:23.177  INFO 22392 --- [main] trationDelegate$BeanPostProcessorChecker : Bean 'mybatis-org.mybatis.spring.boot.autoconfigure.MybatisProperties' of type [org.mybatis.spring.boot.autoconfigure.MybatisProperties] is not eligible for getting processed by all BeanPostProcessors (for example: not eligible for auto-proxying)
2018-02-05 11:56:23.181  INFO 22392 --- [main] trationDelegate$BeanPostProcessorChecker : Bean 'org.mybatis.spring.boot.autoconfigure.MybatisAutoConfiguration' of type [org.mybatis.spring.boot.autoconfigure.MybatisAutoConfiguration$$EnhancerBySpringCGLIB$$c93cd3e5] is not eligible for getting processed by all BeanPostProcessors (for example: not eligible for auto-proxying)
2018-02-05 11:56:23.186  INFO 22392 --- [main] trationDelegate$BeanPostProcessorChecker : Bean 'org.springframework.boot.autoconfigure.jdbc.DataSourceConfiguration$Tomcat' of type [org.springframework.boot.autoconfigure.jdbc.DataSourceConfiguration$Tomcat] is not eligible for getting processed by all BeanPostProcessors (for example: not eligible for auto-proxying)
2018-02-05 11:56:23.203  INFO 22392 --- [main] trationDelegate$BeanPostProcessorChecker : Bean 'spring.datasource-org.springframework.boot.autoconfigure.jdbc.DataSourceProperties' of type [org.springframework.boot.autoconfigure.jdbc.DataSourceProperties] is not eligible for getting processed by all BeanPostProcessors (for example: not eligible for auto-proxying)
2018-02-05 11:56:23.304  INFO 22392 --- [main] trationDelegate$BeanPostProcessorChecker : Bean 'dataSource' of type [org.apache.tomcat.jdbc.pool.DataSource] is not eligible for getting processed by all BeanPostProcessors (for example: not eligible for auto-proxying)
2018-02-05 11:56:23.461  INFO 22392 --- [main] trationDelegate$BeanPostProcessorChecker : Bean 'sqlSessionFactory' of type [org.apache.ibatis.session.defaults.DefaultSqlSessionFactory] is not eligible for getting processed by all BeanPostProcessors (for example: not eligible for auto-proxying)
2018-02-05 11:56:23.473  INFO 22392 --- [main] trationDelegate$BeanPostProcessorChecker : Bean 'sqlSessionTemplate' of type [org.mybatis.spring.SqlSessionTemplate] is not eligible for getting processed by all BeanPostProcessors (for example: not eligible for auto-proxying)
2018-02-05 11:56:23.475  INFO 22392 --- [main] trationDelegate$BeanPostProcessorChecker : Bean 'userMapper' of type [org.mybatis.spring.mapper.MapperFactoryBean] is not eligible for getting processed by all BeanPostProcessors (for example: not eligible for auto-proxying)
2018-02-05 11:56:23.945  INFO 22392 --- [main] s.b.c.e.t.TomcatEmbeddedServletContainer : Tomcat initialized with port(s): 8080 (http)
2018-02-05 11:56:23.954  INFO 22392 --- [main] o.apache.catalina.core.StandardService   : Starting service [Tomcat]
2018-02-05 11:56:23.955  INFO 22392 --- [main] org.apache.catalina.core.StandardEngine  : Starting Servlet Engine: Apache Tomcat/8.5.27
2018-02-05 11:56:24.039  INFO 22392 --- [localhost-startStop-1] o.a.c.c.C.[Tomcat].[localhost].[/]       : Initializing Spring embedded WebApplicationContext
2018-02-05 11:56:24.039  INFO 22392 --- [localhost-startStop-1] o.s.web.context.ContextLoader            : Root WebApplicationContext: initialization completed in 1654 ms
2018-02-05 11:56:24.146  INFO 22392 --- [localhost-startStop-1] o.s.b.w.servlet.ServletRegistrationBean  : Mapping servlet: 'dispatcherServlet' to [/]
2018-02-05 11:56:24.149  INFO 22392 --- [localhost-startStop-1] o.s.b.w.servlet.FilterRegistrationBean   : Mapping filter: 'characterEncodingFilter' to: [/*]
2018-02-05 11:56:24.150  INFO 22392 --- [localhost-startStop-1] o.s.b.w.servlet.FilterRegistrationBean   : Mapping filter: 'hiddenHttpMethodFilter' to: [/*]
2018-02-05 11:56:24.150  INFO 22392 --- [localhost-startStop-1] o.s.b.w.servlet.FilterRegistrationBean   : Mapping filter: 'httpPutFormContentFilter' to: [/*]
2018-02-05 11:56:24.150  INFO 22392 --- [localhost-startStop-1] o.s.b.w.servlet.FilterRegistrationBean   : Mapping filter: 'requestContextFilter' to: [/*]
2018-02-05 11:56:24.448  INFO 22392 --- [main] s.w.s.m.m.a.RequestMappingHandlerAdapter : Looking for @ControllerAdvice: org.springframework.boot.context.embedded.AnnotationConfigEmbeddedWebApplicationContext@1445d7f: startup date [Mon Feb 05 11:56:22 CST 2018]; root of context hierarchy
2018-02-05 11:56:24.502  INFO 22392 --- [main] s.w.s.m.m.a.RequestMappingHandlerMapping : Mapped "{[/login]}" onto public java.lang.String com.siteview.springboot.controller.SampleController.index(org.springframework.ui.ModelMap)
2018-02-05 11:56:24.502  INFO 22392 --- [main] s.w.s.m.m.a.RequestMappingHandlerMapping : Mapped "{[/]}" onto java.lang.String com.siteview.springboot.controller.SampleController.home()
2018-02-05 11:56:24.505  INFO 22392 --- [main] s.w.s.m.m.a.RequestMappingHandlerMapping : Mapped "{[/user/update],methods=[POST]}" onto public int com.siteview.springboot.controller.UserController.update(com.siteview.springboot.bean.UserMessage)
2018-02-05 11:56:24.505  INFO 22392 --- [main] s.w.s.m.m.a.RequestMappingHandlerMapping : Mapped "{[/user/delete/{id}]}" onto public int com.siteview.springboot.controller.UserController.delete(java.lang.String)
2018-02-05 11:56:24.505  INFO 22392 --- [main] s.w.s.m.m.a.RequestMappingHandlerMapping : Mapped "{[/user/insert],methods=[POST]}" onto public int com.siteview.springboot.controller.UserController.insert(com.siteview.springboot.bean.UserMessage)
2018-02-05 11:56:24.506  INFO 22392 --- [main] s.w.s.m.m.a.RequestMappingHandlerMapping : Mapped "{[/user/getUser/{id}]}" onto public java.util.Map<java.lang.String, java.lang.Object> com.siteview.springboot.controller.UserController.getUser(java.lang.String)
2018-02-05 11:56:24.506  INFO 22392 --- [main] s.w.s.m.m.a.RequestMappingHandlerMapping : Mapped "{[/user/getUsers]}" onto public java.util.List<java.util.Map<java.lang.String, java.lang.Object>> com.siteview.springboot.controller.UserController.getUsers()
2018-02-05 11:56:24.506  INFO 22392 --- [main] s.w.s.m.m.a.RequestMappingHandlerMapping : Mapped "{[/user/allUsers]}" onto public java.util.List<com.siteview.springboot.bean.UserMessage> com.siteview.springboot.controller.UserController.selectAll()
2018-02-05 11:56:24.506  INFO 22392 --- [main] s.w.s.m.m.a.RequestMappingHandlerMapping : Mapped "{[/user/user/{id}]}" onto public com.siteview.springboot.bean.UserMessage com.siteview.springboot.controller.UserController.getUserById(java.lang.String)
2018-02-05 11:56:24.508  INFO 22392 --- [main] s.w.s.m.m.a.RequestMappingHandlerMapping : Mapped "{[/error]}" onto public org.springframework.http.ResponseEntity<java.util.Map<java.lang.String, java.lang.Object>> org.springframework.boot.autoconfigure.web.BasicErrorController.error(javax.servlet.http.HttpServletRequest)
2018-02-05 11:56:24.508  INFO 22392 --- [main] s.w.s.m.m.a.RequestMappingHandlerMapping : Mapped "{[/error],produces=[text/html]}" onto public org.springframework.web.servlet.ModelAndView org.springframework.boot.autoconfigure.web.BasicErrorController.errorHtml(javax.servlet.http.HttpServletRequest,javax.servlet.http.HttpServletResponse)
2018-02-05 11:56:24.538  INFO 22392 --- [main] o.s.w.s.handler.SimpleUrlHandlerMapping  : Mapped URL path [/webjars/**] onto handler of type [class org.springframework.web.servlet.resource.ResourceHttpRequestHandler]
2018-02-05 11:56:24.538  INFO 22392 --- [main] o.s.w.s.handler.SimpleUrlHandlerMapping  : Mapped URL path [/**] onto handler of type [class org.springframework.web.servlet.resource.ResourceHttpRequestHandler]
2018-02-05 11:56:24.575  INFO 22392 --- [main] o.s.w.s.handler.SimpleUrlHandlerMapping  : Mapped URL path [/**/favicon.ico] onto handler of type [class org.springframework.web.servlet.resource.ResourceHttpRequestHandler]
2018-02-05 11:56:24.729  INFO 22392 --- [main] o.s.w.s.v.f.FreeMarkerConfigurer         : ClassTemplateLoader for Spring macros added to FreeMarker configuration
2018-02-05 11:56:24.840  INFO 22392 --- [main] o.s.j.e.a.AnnotationMBeanExporter        : Registering beans for JMX exposure on startup
2018-02-05 11:56:24.897  INFO 22392 --- [main] s.b.c.e.t.TomcatEmbeddedServletContainer : Tomcat started on port(s): 8080 (http)
2018-02-05 11:56:24.902  INFO 22392 --- [main] com.siteview.springboot.Applciation      : Started Applciation in 2.781 seconds (JVM running for 3.08)
2018-02-05 11:56:33.109  INFO 22392 --- [http-nio-8080-exec-1] o.a.c.c.C.[Tomcat].[localhost].[/]       : Initializing Spring FrameworkServlet 'dispatcherServlet'
2018-02-05 11:56:33.109  INFO 22392 --- [http-nio-8080-exec-1] o.s.web.servlet.DispatcherServlet        : FrameworkServlet 'dispatcherServlet': initialization started
2018-02-05 11:56:33.120  INFO 22392 --- [http-nio-8080-exec-1] o.s.web.servlet.DispatcherServlet        : FrameworkServlet 'dispatcherServlet': initialization completed in 10 ms
2018-02-05 13:32:11.672  INFO 15928 --- [main] com.siteview.springboot.Applciation      : Starting Applciation on Sherry-PC with PID 15928 (E:\eclipse_forum\springboot\target\classes started by Administrator in E:\eclipse_forum\springboot)
2018-02-05 13:32:11.692  INFO 15928 --- [main] com.siteview.springboot.Applciation      : No active profile set, falling back to default profiles: default
2018-02-05 13:32:11.731  INFO 15928 --- [main] ationConfigEmbeddedWebApplicationContext : Refreshing org.springframework.boot.context.embedded.AnnotationConfigEmbeddedWebApplicationContext@1445d7f: startup date [Mon Feb 05 13:32:11 CST 2018]; root of context hierarchy
2018-02-05 13:32:12.530  INFO 15928 --- [main] trationDelegate$BeanPostProcessorChecker : Bean 'mybatis-org.mybatis.spring.boot.autoconfigure.MybatisProperties' of type [org.mybatis.spring.boot.autoconfigure.MybatisProperties] is not eligible for getting processed by all BeanPostProcessors (for example: not eligible for auto-proxying)
2018-02-05 13:32:12.534  INFO 15928 --- [main] trationDelegate$BeanPostProcessorChecker : Bean 'org.mybatis.spring.boot.autoconfigure.MybatisAutoConfiguration' of type [org.mybatis.spring.boot.autoconfigure.MybatisAutoConfiguration$$EnhancerBySpringCGLIB$$b20475b] is not eligible for getting processed by all BeanPostProcessors (for example: not eligible for auto-proxying)
2018-02-05 13:32:12.539  INFO 15928 --- [main] trationDelegate$BeanPostProcessorChecker : Bean 'org.springframework.boot.autoconfigure.jdbc.DataSourceConfiguration$Tomcat' of type [org.springframework.boot.autoconfigure.jdbc.DataSourceConfiguration$Tomcat] is not eligible for getting processed by all BeanPostProcessors (for example: not eligible for auto-proxying)
2018-02-05 13:32:12.554  INFO 15928 --- [main] trationDelegate$BeanPostProcessorChecker : Bean 'spring.datasource-org.springframework.boot.autoconfigure.jdbc.DataSourceProperties' of type [org.springframework.boot.autoconfigure.jdbc.DataSourceProperties] is not eligible for getting processed by all BeanPostProcessors (for example: not eligible for auto-proxying)
2018-02-05 13:32:12.648  INFO 15928 --- [main] trationDelegate$BeanPostProcessorChecker : Bean 'dataSource' of type [org.apache.tomcat.jdbc.pool.DataSource] is not eligible for getting processed by all BeanPostProcessors (for example: not eligible for auto-proxying)
2018-02-05 13:32:12.851  INFO 15928 --- [main] trationDelegate$BeanPostProcessorChecker : Bean 'sqlSessionFactory' of type [org.apache.ibatis.session.defaults.DefaultSqlSessionFactory] is not eligible for getting processed by all BeanPostProcessors (for example: not eligible for auto-proxying)
2018-02-05 13:32:12.861  INFO 15928 --- [main] trationDelegate$BeanPostProcessorChecker : Bean 'sqlSessionTemplate' of type [org.mybatis.spring.SqlSessionTemplate] is not eligible for getting processed by all BeanPostProcessors (for example: not eligible for auto-proxying)
2018-02-05 13:32:12.862  INFO 15928 --- [main] trationDelegate$BeanPostProcessorChecker : Bean 'userMapper' of type [org.mybatis.spring.mapper.MapperFactoryBean] is not eligible for getting processed by all BeanPostProcessors (for example: not eligible for auto-proxying)
2018-02-05 13:32:13.312  INFO 15928 --- [main] s.b.c.e.t.TomcatEmbeddedServletContainer : Tomcat initialized with port(s): 8080 (http)
2018-02-05 13:32:13.321  INFO 15928 --- [main] o.apache.catalina.core.StandardService   : Starting service [Tomcat]
2018-02-05 13:32:13.322  INFO 15928 --- [main] org.apache.catalina.core.StandardEngine  : Starting Servlet Engine: Apache Tomcat/8.5.27
2018-02-05 13:32:13.408  INFO 15928 --- [localhost-startStop-1] o.a.c.c.C.[Tomcat].[localhost].[/]       : Initializing Spring embedded WebApplicationContext
2018-02-05 13:32:13.409  INFO 15928 --- [localhost-startStop-1] o.s.web.context.ContextLoader            : Root WebApplicationContext: initialization completed in 1680 ms
2018-02-05 13:32:13.505  INFO 15928 --- [localhost-startStop-1] o.s.b.w.servlet.ServletRegistrationBean  : Mapping servlet: 'dispatcherServlet' to [/]
2018-02-05 13:32:13.510  INFO 15928 --- [localhost-startStop-1] o.s.b.w.servlet.FilterRegistrationBean   : Mapping filter: 'characterEncodingFilter' to: [/*]
2018-02-05 13:32:13.511  INFO 15928 --- [localhost-startStop-1] o.s.b.w.servlet.FilterRegistrationBean   : Mapping filter: 'hiddenHttpMethodFilter' to: [/*]
2018-02-05 13:32:13.511  INFO 15928 --- [localhost-startStop-1] o.s.b.w.servlet.FilterRegistrationBean   : Mapping filter: 'httpPutFormContentFilter' to: [/*]
2018-02-05 13:32:13.511  INFO 15928 --- [localhost-startStop-1] o.s.b.w.servlet.FilterRegistrationBean   : Mapping filter: 'requestContextFilter' to: [/*]
2018-02-05 13:32:13.818  INFO 15928 --- [main] s.w.s.m.m.a.RequestMappingHandlerAdapter : Looking for @ControllerAdvice: org.springframework.boot.context.embedded.AnnotationConfigEmbeddedWebApplicationContext@1445d7f: startup date [Mon Feb 05 13:32:11 CST 2018]; root of context hierarchy
2018-02-05 13:32:13.873  INFO 15928 --- [main] s.w.s.m.m.a.RequestMappingHandlerMapping : Mapped "{[/login]}" onto public java.lang.String com.siteview.springboot.controller.SampleController.index(org.springframework.ui.ModelMap)
2018-02-05 13:32:13.874  INFO 15928 --- [main] s.w.s.m.m.a.RequestMappingHandlerMapping : Mapped "{[/]}" onto java.lang.String com.siteview.springboot.controller.SampleController.home()
2018-02-05 13:32:13.879  INFO 15928 --- [main] s.w.s.m.m.a.RequestMappingHandlerMapping : Mapped "{[/user/update],methods=[POST]}" onto public int com.siteview.springboot.controller.UserController.update(com.siteview.springboot.bean.UserMessage)
2018-02-05 13:32:13.880  INFO 15928 --- [main] s.w.s.m.m.a.RequestMappingHandlerMapping : Mapped "{[/user/delete/{id}]}" onto public int com.siteview.springboot.controller.UserController.delete(java.lang.String)
2018-02-05 13:32:13.880  INFO 15928 --- [main] s.w.s.m.m.a.RequestMappingHandlerMapping : Mapped "{[/user/insert],methods=[POST]}" onto public int com.siteview.springboot.controller.UserController.insert(com.siteview.springboot.bean.UserMessage)
2018-02-05 13:32:13.880  INFO 15928 --- [main] s.w.s.m.m.a.RequestMappingHandlerMapping : Mapped "{[/user/getUsers]}" onto public java.util.List<java.util.Map<java.lang.String, java.lang.Object>> com.siteview.springboot.controller.UserController.getUsers()
2018-02-05 13:32:13.880  INFO 15928 --- [main] s.w.s.m.m.a.RequestMappingHandlerMapping : Mapped "{[/user/allUsers]}" onto public java.util.List<com.siteview.springboot.bean.UserMessage> com.siteview.springboot.controller.UserController.selectAll()
2018-02-05 13:32:13.881  INFO 15928 --- [main] s.w.s.m.m.a.RequestMappingHandlerMapping : Mapped "{[/user/getUser/{id}]}" onto public java.util.Map<java.lang.String, java.lang.Object> com.siteview.springboot.controller.UserController.getUser(java.lang.String)
2018-02-05 13:32:13.881  INFO 15928 --- [main] s.w.s.m.m.a.RequestMappingHandlerMapping : Mapped "{[/user/user/{id}]}" onto public com.siteview.springboot.bean.UserMessage com.siteview.springboot.controller.UserController.getUserById(java.lang.String)
2018-02-05 13:32:13.883  INFO 15928 --- [main] s.w.s.m.m.a.RequestMappingHandlerMapping : Mapped "{[/error]}" onto public org.springframework.http.ResponseEntity<java.util.Map<java.lang.String, java.lang.Object>> org.springframework.boot.autoconfigure.web.BasicErrorController.error(javax.servlet.http.HttpServletRequest)
2018-02-05 13:32:13.883  INFO 15928 --- [main] s.w.s.m.m.a.RequestMappingHandlerMapping : Mapped "{[/error],produces=[text/html]}" onto public org.springframework.web.servlet.ModelAndView org.springframework.boot.autoconfigure.web.BasicErrorController.errorHtml(javax.servlet.http.HttpServletRequest,javax.servlet.http.HttpServletResponse)
2018-02-05 13:32:13.913  INFO 15928 --- [main] o.s.w.s.handler.SimpleUrlHandlerMapping  : Mapped URL path [/webjars/**] onto handler of type [class org.springframework.web.servlet.resource.ResourceHttpRequestHandler]
2018-02-05 13:32:13.913  INFO 15928 --- [main] o.s.w.s.handler.SimpleUrlHandlerMapping  : Mapped URL path [/**] onto handler of type [class org.springframework.web.servlet.resource.ResourceHttpRequestHandler]
2018-02-05 13:32:13.948  INFO 15928 --- [main] o.s.w.s.handler.SimpleUrlHandlerMapping  : Mapped URL path [/**/favicon.ico] onto handler of type [class org.springframework.web.servlet.resource.ResourceHttpRequestHandler]
2018-02-05 13:32:14.125  INFO 15928 --- [main] o.s.w.s.v.f.FreeMarkerConfigurer         : ClassTemplateLoader for Spring macros added to FreeMarker configuration
2018-02-05 13:32:14.246  INFO 15928 --- [main] o.s.j.e.a.AnnotationMBeanExporter        : Registering beans for JMX exposure on startup
2018-02-05 13:32:14.297  INFO 15928 --- [main] s.b.c.e.t.TomcatEmbeddedServletContainer : Tomcat started on port(s): 8080 (http)
2018-02-05 13:32:14.300  INFO 15928 --- [main] com.siteview.springboot.Applciation      : Started Applciation in 2.866 seconds (JVM running for 3.116)
2018-02-05 13:32:20.706  INFO 15928 --- [http-nio-8080-exec-1] o.a.c.c.C.[Tomcat].[localhost].[/]       : Initializing Spring FrameworkServlet 'dispatcherServlet'
2018-02-05 13:32:20.706  INFO 15928 --- [http-nio-8080-exec-1] o.s.web.servlet.DispatcherServlet        : FrameworkServlet 'dispatcherServlet': initialization started
2018-02-05 13:32:20.718  INFO 15928 --- [http-nio-8080-exec-1] o.s.web.servlet.DispatcherServlet        : FrameworkServlet 'dispatcherServlet': initialization completed in 12 ms
2018-02-05 14:07:55.785  INFO 15216 --- [main] com.siteview.springboot.Applciation      : Starting Applciation on Sherry-PC with PID 15216 (E:\eclipse_forum\springboot\target\classes started by Administrator in E:\eclipse_forum\springboot)
2018-02-05 14:07:55.788  INFO 15216 --- [main] com.siteview.springboot.Applciation      : No active profile set, falling back to default profiles: default
2018-02-05 14:07:55.829  INFO 15216 --- [main] ationConfigEmbeddedWebApplicationContext : Refreshing org.springframework.boot.context.embedded.AnnotationConfigEmbeddedWebApplicationContext@6c3f5566: startup date [Mon Feb 05 14:07:55 CST 2018]; root of context hierarchy
2018-02-05 14:07:56.637  INFO 15216 --- [main] trationDelegate$BeanPostProcessorChecker : Bean 'mybatis-org.mybatis.spring.boot.autoconfigure.MybatisProperties' of type [org.mybatis.spring.boot.autoconfigure.MybatisProperties] is not eligible for getting processed by all BeanPostProcessors (for example: not eligible for auto-proxying)
2018-02-05 14:07:56.641  INFO 15216 --- [main] trationDelegate$BeanPostProcessorChecker : Bean 'org.mybatis.spring.boot.autoconfigure.MybatisAutoConfiguration' of type [org.mybatis.spring.boot.autoconfigure.MybatisAutoConfiguration$$EnhancerBySpringCGLIB$$bdd2efc2] is not eligible for getting processed by all BeanPostProcessors (for example: not eligible for auto-proxying)
2018-02-05 14:07:56.645  INFO 15216 --- [main] trationDelegate$BeanPostProcessorChecker : Bean 'org.springframework.boot.autoconfigure.jdbc.DataSourceConfiguration$Tomcat' of type [org.springframework.boot.autoconfigure.jdbc.DataSourceConfiguration$Tomcat] is not eligible for getting processed by all BeanPostProcessors (for example: not eligible for auto-proxying)
2018-02-05 14:07:56.661  INFO 15216 --- [main] trationDelegate$BeanPostProcessorChecker : Bean 'spring.datasource-org.springframework.boot.autoconfigure.jdbc.DataSourceProperties' of type [org.springframework.boot.autoconfigure.jdbc.DataSourceProperties] is not eligible for getting processed by all BeanPostProcessors (for example: not eligible for auto-proxying)
2018-02-05 14:07:56.756  INFO 15216 --- [main] trationDelegate$BeanPostProcessorChecker : Bean 'dataSource' of type [org.apache.tomcat.jdbc.pool.DataSource] is not eligible for getting processed by all BeanPostProcessors (for example: not eligible for auto-proxying)
2018-02-05 14:07:56.921  INFO 15216 --- [main] trationDelegate$BeanPostProcessorChecker : Bean 'sqlSessionFactory' of type [org.apache.ibatis.session.defaults.DefaultSqlSessionFactory] is not eligible for getting processed by all BeanPostProcessors (for example: not eligible for auto-proxying)
2018-02-05 14:07:56.931  INFO 15216 --- [main] trationDelegate$BeanPostProcessorChecker : Bean 'sqlSessionTemplate' of type [org.mybatis.spring.SqlSessionTemplate] is not eligible for getting processed by all BeanPostProcessors (for example: not eligible for auto-proxying)
2018-02-05 14:07:56.932  INFO 15216 --- [main] trationDelegate$BeanPostProcessorChecker : Bean 'userMapper' of type [org.mybatis.spring.mapper.MapperFactoryBean] is not eligible for getting processed by all BeanPostProcessors (for example: not eligible for auto-proxying)
2018-02-05 14:07:57.388  INFO 15216 --- [main] s.b.c.e.t.TomcatEmbeddedServletContainer : Tomcat initialized with port(s): 8080 (http)
2018-02-05 14:07:57.399  INFO 15216 --- [main] o.apache.catalina.core.StandardService   : Starting service [Tomcat]
2018-02-05 14:07:57.400  INFO 15216 --- [main] org.apache.catalina.core.StandardEngine  : Starting Servlet Engine: Apache Tomcat/8.5.27
2018-02-05 14:07:57.493  INFO 15216 --- [localhost-startStop-1] o.a.c.c.C.[Tomcat].[localhost].[/]       : Initializing Spring embedded WebApplicationContext
2018-02-05 14:07:57.494  INFO 15216 --- [localhost-startStop-1] o.s.web.context.ContextLoader            : Root WebApplicationContext: initialization completed in 1668 ms
2018-02-05 14:07:57.632  INFO 15216 --- [localhost-startStop-1] o.s.b.w.servlet.ServletRegistrationBean  : Mapping servlet: 'statViewServlet' to [/druid/*]
2018-02-05 14:07:57.633  INFO 15216 --- [localhost-startStop-1] o.s.b.w.servlet.ServletRegistrationBean  : Mapping servlet: 'dispatcherServlet' to [/]
2018-02-05 14:07:57.636  INFO 15216 --- [localhost-startStop-1] o.s.b.w.servlet.FilterRegistrationBean   : Mapping filter: 'characterEncodingFilter' to: [/*]
2018-02-05 14:07:57.637  INFO 15216 --- [localhost-startStop-1] o.s.b.w.servlet.FilterRegistrationBean   : Mapping filter: 'hiddenHttpMethodFilter' to: [/*]
2018-02-05 14:07:57.637  INFO 15216 --- [localhost-startStop-1] o.s.b.w.servlet.FilterRegistrationBean   : Mapping filter: 'httpPutFormContentFilter' to: [/*]
2018-02-05 14:07:57.637  INFO 15216 --- [localhost-startStop-1] o.s.b.w.servlet.FilterRegistrationBean   : Mapping filter: 'requestContextFilter' to: [/*]
2018-02-05 14:07:57.637  INFO 15216 --- [localhost-startStop-1] o.s.b.w.servlet.FilterRegistrationBean   : Mapping filter: 'webStatFilter' to urls: [/*]
2018-02-05 14:07:57.955  INFO 15216 --- [main] s.w.s.m.m.a.RequestMappingHandlerAdapter : Looking for @ControllerAdvice: org.springframework.boot.context.embedded.AnnotationConfigEmbeddedWebApplicationContext@6c3f5566: startup date [Mon Feb 05 14:07:55 CST 2018]; root of context hierarchy
2018-02-05 14:07:58.013  INFO 15216 --- [main] s.w.s.m.m.a.RequestMappingHandlerMapping : Mapped "{[/login]}" onto public java.lang.String com.siteview.springboot.controller.SampleController.index(org.springframework.ui.ModelMap)
2018-02-05 14:07:58.015  INFO 15216 --- [main] s.w.s.m.m.a.RequestMappingHandlerMapping : Mapped "{[/]}" onto java.lang.String com.siteview.springboot.controller.SampleController.home()
2018-02-05 14:07:58.018  INFO 15216 --- [main] s.w.s.m.m.a.RequestMappingHandlerMapping : Mapped "{[/user/update],methods=[POST]}" onto public int com.siteview.springboot.controller.UserController.update(com.siteview.springboot.bean.UserMessage)
2018-02-05 14:07:58.019  INFO 15216 --- [main] s.w.s.m.m.a.RequestMappingHandlerMapping : Mapped "{[/user/delete/{id}]}" onto public int com.siteview.springboot.controller.UserController.delete(java.lang.String)
2018-02-05 14:07:58.019  INFO 15216 --- [main] s.w.s.m.m.a.RequestMappingHandlerMapping : Mapped "{[/user/insert],methods=[POST]}" onto public int com.siteview.springboot.controller.UserController.insert(com.siteview.springboot.bean.UserMessage)
2018-02-05 14:07:58.019  INFO 15216 --- [main] s.w.s.m.m.a.RequestMappingHandlerMapping : Mapped "{[/user/getUsers]}" onto public java.util.List<java.util.Map<java.lang.String, java.lang.Object>> com.siteview.springboot.controller.UserController.getUsers()
2018-02-05 14:07:58.019  INFO 15216 --- [main] s.w.s.m.m.a.RequestMappingHandlerMapping : Mapped "{[/user/allUsers]}" onto public java.util.List<com.siteview.springboot.bean.UserMessage> com.siteview.springboot.controller.UserController.selectAll()
2018-02-05 14:07:58.020  INFO 15216 --- [main] s.w.s.m.m.a.RequestMappingHandlerMapping : Mapped "{[/user/getUser/{id}]}" onto public java.util.Map<java.lang.String, java.lang.Object> com.siteview.springboot.controller.UserController.getUser(java.lang.String)
2018-02-05 14:07:58.020  INFO 15216 --- [main] s.w.s.m.m.a.RequestMappingHandlerMapping : Mapped "{[/user/user/{id}]}" onto public com.siteview.springboot.bean.UserMessage com.siteview.springboot.controller.UserController.getUserById(java.lang.String)
2018-02-05 14:07:58.022  INFO 15216 --- [main] s.w.s.m.m.a.RequestMappingHandlerMapping : Mapped "{[/error]}" onto public org.springframework.http.ResponseEntity<java.util.Map<java.lang.String, java.lang.Object>> org.springframework.boot.autoconfigure.web.BasicErrorController.error(javax.servlet.http.HttpServletRequest)
2018-02-05 14:07:58.022  INFO 15216 --- [main] s.w.s.m.m.a.RequestMappingHandlerMapping : Mapped "{[/error],produces=[text/html]}" onto public org.springframework.web.servlet.ModelAndView org.springframework.boot.autoconfigure.web.BasicErrorController.errorHtml(javax.servlet.http.HttpServletRequest,javax.servlet.http.HttpServletResponse)
2018-02-05 14:07:58.050  INFO 15216 --- [main] o.s.w.s.handler.SimpleUrlHandlerMapping  : Mapped URL path [/webjars/**] onto handler of type [class org.springframework.web.servlet.resource.ResourceHttpRequestHandler]
2018-02-05 14:07:58.051  INFO 15216 --- [main] o.s.w.s.handler.SimpleUrlHandlerMapping  : Mapped URL path [/**] onto handler of type [class org.springframework.web.servlet.resource.ResourceHttpRequestHandler]
2018-02-05 14:07:58.092  INFO 15216 --- [main] o.s.w.s.handler.SimpleUrlHandlerMapping  : Mapped URL path [/**/favicon.ico] onto handler of type [class org.springframework.web.servlet.resource.ResourceHttpRequestHandler]
2018-02-05 14:07:58.269  INFO 15216 --- [main] o.s.w.s.v.f.FreeMarkerConfigurer         : ClassTemplateLoader for Spring macros added to FreeMarker configuration
2018-02-05 14:07:58.377  INFO 15216 --- [main] o.s.j.e.a.AnnotationMBeanExporter        : Registering beans for JMX exposure on startup
2018-02-05 14:07:58.433  INFO 15216 --- [main] s.b.c.e.t.TomcatEmbeddedServletContainer : Tomcat started on port(s): 8080 (http)
2018-02-05 14:07:58.437  INFO 15216 --- [main] com.siteview.springboot.Applciation      : Started Applciation in 2.9 seconds (JVM running for 3.19)
2018-02-05 14:09:00.209  INFO 15216 --- [http-nio-8080-exec-4] o.a.c.c.C.[Tomcat].[localhost].[/]       : Initializing Spring FrameworkServlet 'dispatcherServlet'
2018-02-05 14:09:00.209  INFO 15216 --- [http-nio-8080-exec-4] o.s.web.servlet.DispatcherServlet        : FrameworkServlet 'dispatcherServlet': initialization started
2018-02-05 14:09:00.238  INFO 15216 --- [http-nio-8080-exec-4] o.s.web.servlet.DispatcherServlet        : FrameworkServlet 'dispatcherServlet': initialization completed in 29 ms
2018-02-05 14:24:51.385  INFO 12744 --- [main] com.siteview.springboot.Applciation      : Starting Applciation on Sherry-PC with PID 12744 (E:\eclipse_forum\springboot\target\classes started by Administrator in E:\eclipse_forum\springboot)
2018-02-05 14:24:51.387  INFO 12744 --- [main] com.siteview.springboot.Applciation      : No active profile set, falling back to default profiles: default
2018-02-05 14:24:51.420  INFO 12744 --- [main] ationConfigEmbeddedWebApplicationContext : Refreshing org.springframework.boot.context.embedded.AnnotationConfigEmbeddedWebApplicationContext@6c3f5566: startup date [Mon Feb 05 14:24:51 CST 2018]; root of context hierarchy
2018-02-05 14:24:52.240  INFO 12744 --- [main] trationDelegate$BeanPostProcessorChecker : Bean 'mybatis-org.mybatis.spring.boot.autoconfigure.MybatisProperties' of type [org.mybatis.spring.boot.autoconfigure.MybatisProperties] is not eligible for getting processed by all BeanPostProcessors (for example: not eligible for auto-proxying)
2018-02-05 14:24:52.243  INFO 12744 --- [main] trationDelegate$BeanPostProcessorChecker : Bean 'org.mybatis.spring.boot.autoconfigure.MybatisAutoConfiguration' of type [org.mybatis.spring.boot.autoconfigure.MybatisAutoConfiguration$$EnhancerBySpringCGLIB$$4071fd09] is not eligible for getting processed by all BeanPostProcessors (for example: not eligible for auto-proxying)
2018-02-05 14:24:52.252  INFO 12744 --- [main] trationDelegate$BeanPostProcessorChecker : Bean 'druidConfiguration' of type [com.siteview.springboot.druid.DruidConfiguration$$EnhancerBySpringCGLIB$$78397d78] is not eligible for getting processed by all BeanPostProcessors (for example: not eligible for auto-proxying)
2018-02-05 14:24:52.361  INFO 12744 --- [main] trationDelegate$BeanPostProcessorChecker : Bean 'druidDataSource' of type [com.alibaba.druid.pool.DruidDataSource] is not eligible for getting processed by all BeanPostProcessors (for example: not eligible for auto-proxying)
2018-02-05 14:24:52.536  INFO 12744 --- [main] trationDelegate$BeanPostProcessorChecker : Bean 'sqlSessionFactory' of type [org.apache.ibatis.session.defaults.DefaultSqlSessionFactory] is not eligible for getting processed by all BeanPostProcessors (for example: not eligible for auto-proxying)
2018-02-05 14:24:52.545  INFO 12744 --- [main] trationDelegate$BeanPostProcessorChecker : Bean 'sqlSessionTemplate' of type [org.mybatis.spring.SqlSessionTemplate] is not eligible for getting processed by all BeanPostProcessors (for example: not eligible for auto-proxying)
2018-02-05 14:24:52.545  INFO 12744 --- [main] trationDelegate$BeanPostProcessorChecker : Bean 'userMapper' of type [org.mybatis.spring.mapper.MapperFactoryBean] is not eligible for getting processed by all BeanPostProcessors (for example: not eligible for auto-proxying)
2018-02-05 14:24:53.005  INFO 12744 --- [main] s.b.c.e.t.TomcatEmbeddedServletContainer : Tomcat initialized with port(s): 8080 (http)
2018-02-05 14:24:53.018  INFO 12744 --- [main] o.apache.catalina.core.StandardService   : Starting service [Tomcat]
2018-02-05 14:24:53.019  INFO 12744 --- [main] org.apache.catalina.core.StandardEngine  : Starting Servlet Engine: Apache Tomcat/8.5.27
2018-02-05 14:24:53.103  INFO 12744 --- [localhost-startStop-1] o.a.c.c.C.[Tomcat].[localhost].[/]       : Initializing Spring embedded WebApplicationContext
2018-02-05 14:24:53.103  INFO 12744 --- [localhost-startStop-1] o.s.web.context.ContextLoader            : Root WebApplicationContext: initialization completed in 1685 ms
2018-02-05 14:24:53.240  INFO 12744 --- [localhost-startStop-1] o.s.b.w.servlet.ServletRegistrationBean  : Mapping servlet: 'statViewServlet' to [/druid/*]
2018-02-05 14:24:53.242  INFO 12744 --- [localhost-startStop-1] o.s.b.w.servlet.ServletRegistrationBean  : Mapping servlet: 'dispatcherServlet' to [/]
2018-02-05 14:24:53.244  INFO 12744 --- [localhost-startStop-1] o.s.b.w.servlet.FilterRegistrationBean   : Mapping filter: 'characterEncodingFilter' to: [/*]
2018-02-05 14:24:53.245  INFO 12744 --- [localhost-startStop-1] o.s.b.w.servlet.FilterRegistrationBean   : Mapping filter: 'hiddenHttpMethodFilter' to: [/*]
2018-02-05 14:24:53.245  INFO 12744 --- [localhost-startStop-1] o.s.b.w.servlet.FilterRegistrationBean   : Mapping filter: 'httpPutFormContentFilter' to: [/*]
2018-02-05 14:24:53.245  INFO 12744 --- [localhost-startStop-1] o.s.b.w.servlet.FilterRegistrationBean   : Mapping filter: 'requestContextFilter' to: [/*]
2018-02-05 14:24:53.245  INFO 12744 --- [localhost-startStop-1] o.s.b.w.servlet.FilterRegistrationBean   : Mapping filter: 'webStatFilter' to urls: [/*]
2018-02-05 14:24:53.558  INFO 12744 --- [main] s.w.s.m.m.a.RequestMappingHandlerAdapter : Looking for @ControllerAdvice: org.springframework.boot.context.embedded.AnnotationConfigEmbeddedWebApplicationContext@6c3f5566: startup date [Mon Feb 05 14:24:51 CST 2018]; root of context hierarchy
2018-02-05 14:24:53.617  INFO 12744 --- [main] s.w.s.m.m.a.RequestMappingHandlerMapping : Mapped "{[/login]}" onto public java.lang.String com.siteview.springboot.controller.SampleController.index(org.springframework.ui.ModelMap)
2018-02-05 14:24:53.618  INFO 12744 --- [main] s.w.s.m.m.a.RequestMappingHandlerMapping : Mapped "{[/]}" onto java.lang.String com.siteview.springboot.controller.SampleController.home()
2018-02-05 14:24:53.621  INFO 12744 --- [main] s.w.s.m.m.a.RequestMappingHandlerMapping : Mapped "{[/user/update],methods=[POST]}" onto public int com.siteview.springboot.controller.UserController.update(com.siteview.springboot.bean.UserMessage)
2018-02-05 14:24:53.622  INFO 12744 --- [main] s.w.s.m.m.a.RequestMappingHandlerMapping : Mapped "{[/user/delete/{id}]}" onto public int com.siteview.springboot.controller.UserController.delete(java.lang.String)
2018-02-05 14:24:53.622  INFO 12744 --- [main] s.w.s.m.m.a.RequestMappingHandlerMapping : Mapped "{[/user/insert],methods=[POST]}" onto public int com.siteview.springboot.controller.UserController.insert(com.siteview.springboot.bean.UserMessage)
2018-02-05 14:24:53.622  INFO 12744 --- [main] s.w.s.m.m.a.RequestMappingHandlerMapping : Mapped "{[/user/getUsers]}" onto public java.util.List<java.util.Map<java.lang.String, java.lang.Object>> com.siteview.springboot.controller.UserController.getUsers()
2018-02-05 14:24:53.622  INFO 12744 --- [main] s.w.s.m.m.a.RequestMappingHandlerMapping : Mapped "{[/user/getUser/{id}]}" onto public java.util.Map<java.lang.String, java.lang.Object> com.siteview.springboot.controller.UserController.getUser(java.lang.String)
2018-02-05 14:24:53.623  INFO 12744 --- [main] s.w.s.m.m.a.RequestMappingHandlerMapping : Mapped "{[/user/allUsers]}" onto public java.util.List<com.siteview.springboot.bean.UserMessage> com.siteview.springboot.controller.UserController.selectAll()
2018-02-05 14:24:53.623  INFO 12744 --- [main] s.w.s.m.m.a.RequestMappingHandlerMapping : Mapped "{[/user/user/{id}]}" onto public com.siteview.springboot.bean.UserMessage com.siteview.springboot.controller.UserController.getUserById(java.lang.String)
2018-02-05 14:24:53.625  INFO 12744 --- [main] s.w.s.m.m.a.RequestMappingHandlerMapping : Mapped "{[/error]}" onto public org.springframework.http.ResponseEntity<java.util.Map<java.lang.String, java.lang.Object>> org.springframework.boot.autoconfigure.web.BasicErrorController.error(javax.servlet.http.HttpServletRequest)
2018-02-05 14:24:53.625  INFO 12744 --- [main] s.w.s.m.m.a.RequestMappingHandlerMapping : Mapped "{[/error],produces=[text/html]}" onto public org.springframework.web.servlet.ModelAndView org.springframework.boot.autoconfigure.web.BasicErrorController.errorHtml(javax.servlet.http.HttpServletRequest,javax.servlet.http.HttpServletResponse)
2018-02-05 14:24:53.647  INFO 12744 --- [main] o.s.w.s.handler.SimpleUrlHandlerMapping  : Mapped URL path [/webjars/**] onto handler of type [class org.springframework.web.servlet.resource.ResourceHttpRequestHandler]
2018-02-05 14:24:53.648  INFO 12744 --- [main] o.s.w.s.handler.SimpleUrlHandlerMapping  : Mapped URL path [/**] onto handler of type [class org.springframework.web.servlet.resource.ResourceHttpRequestHandler]
2018-02-05 14:24:53.681  INFO 12744 --- [main] o.s.w.s.handler.SimpleUrlHandlerMapping  : Mapped URL path [/**/favicon.ico] onto handler of type [class org.springframework.web.servlet.resource.ResourceHttpRequestHandler]
2018-02-05 14:24:53.854  INFO 12744 --- [main] o.s.w.s.v.f.FreeMarkerConfigurer         : ClassTemplateLoader for Spring macros added to FreeMarker configuration
2018-02-05 14:24:53.970  INFO 12744 --- [main] o.s.j.e.a.AnnotationMBeanExporter        : Registering beans for JMX exposure on startup
2018-02-05 14:24:53.971  INFO 12744 --- [main] o.s.j.e.a.AnnotationMBeanExporter        : Bean with name 'druidDataSource' has been autodetected for JMX exposure
2018-02-05 14:24:53.976  INFO 12744 --- [main] o.s.j.e.a.AnnotationMBeanExporter        : Located MBean 'druidDataSource': registering with JMX server as MBean [com.alibaba.druid.pool:name=druidDataSource,type=DruidDataSource]
2018-02-05 14:24:54.128  INFO 12744 --- [main] s.b.c.e.t.TomcatEmbeddedServletContainer : Tomcat started on port(s): 8080 (http)
2018-02-05 14:24:54.131  INFO 12744 --- [main] com.siteview.springboot.Applciation      : Started Applciation in 2.969 seconds (JVM running for 3.292)
2018-02-05 14:26:06.454  INFO 12744 --- [http-nio-8080-exec-10] o.a.c.c.C.[Tomcat].[localhost].[/]       : Initializing Spring FrameworkServlet 'dispatcherServlet'
2018-02-05 14:26:06.454  INFO 12744 --- [http-nio-8080-exec-10] o.s.web.servlet.DispatcherServlet        : FrameworkServlet 'dispatcherServlet': initialization started
2018-02-05 14:26:06.472  INFO 12744 --- [http-nio-8080-exec-10] o.s.web.servlet.DispatcherServlet        : FrameworkServlet 'dispatcherServlet': initialization completed in 17 ms
2018-02-05 14:26:06.813  INFO 12744 --- [http-nio-8080-exec-10] com.alibaba.druid.pool.DruidDataSource   : {dataSource-1} inited
